<?xml version="1.0" encoding="UTF-8"?>
<testng-results skipped="0" failed="0" total="1" passed="1">
  <reporter-output>
  </reporter-output>
  <suite name="Command line suite" duration-ms="9" started-at="2014-04-16T04:37:33Z" finished-at="2014-04-16T04:37:33Z">
    <groups>
    </groups>
    <test name="Command line test" duration-ms="9" started-at="2014-04-16T04:37:33Z" finished-at="2014-04-16T04:37:33Z">
      <class name="ch.adrianelsener.testing.RulesForTestNgTest$TestWithJUnitRule">
        <test-method status="PASS" signature="before()[pri:0, instance:ch.adrianelsener.testing.RulesForTestNgTest$TestWithJUnitRule@80503]" name="before" is-config="true" duration-ms="3" started-at="2014-04-16T06:37:33Z" finished-at="2014-04-16T06:37:33Z">
          <reporter-output>
          </reporter-output>
        </test-method> <!-- before -->
        <test-method status="PASS" signature="after()[pri:0, instance:ch.adrianelsener.testing.RulesForTestNgTest$TestWithJUnitRule@80503]" name="after" is-config="true" duration-ms="1" started-at="2014-04-16T06:37:33Z" finished-at="2014-04-16T06:37:33Z">
          <reporter-output>
          </reporter-output>
        </test-method> <!-- after -->
        <test-method status="PASS" signature="executedByTest()[pri:0, instance:ch.adrianelsener.testing.RulesForTestNgTest$TestWithJUnitRule@80503]" name="executedByTest" duration-ms="0" started-at="2014-04-16T06:37:33Z" finished-at="2014-04-16T06:37:33Z">
          <reporter-output>
          </reporter-output>
        </test-method> <!-- executedByTest -->
      </class> <!-- ch.adrianelsener.testing.RulesForTestNgTest$TestWithJUnitRule -->
    </test> <!-- Command line test -->
  </suite> <!-- Command line suite -->
</testng-results>
